<?xml version="1.0" encoding="UTF-8"?>
<testng-results ignored="0" total="1" passed="1" failed="0" skipped="0">
  <reporter-output>
  </reporter-output>
  <suite started-at="2022-01-17T20:45:16 IST" name="Default suite" finished-at="2022-01-17T20:45:28 IST" duration-ms="12412">
    <groups>
    </groups>
    <test started-at="2022-01-17T20:45:16 IST" name="Default test" finished-at="2022-01-17T20:45:28 IST" duration-ms="12412">
      <class name="com.runner.RunnerClass">
        <test-method signature="sheetRunner()[pri:0, instance:com.runner.RunnerClass@4d0f2471]" started-at="2022-01-17T20:45:16 IST" name="sheetRunner" finished-at="2022-01-17T20:45:28 IST" duration-ms="12287" status="PASS">
          <reporter-output>
          </reporter-output>
        </test-method> <!-- sheetRunner -->
      </class> <!-- com.runner.RunnerClass -->
    </test> <!-- Default test -->
  </suite> <!-- Default suite -->
</testng-results>
